<?xml version="1.0" encoding="UTF-8"?>
<!-- Generated by org.testng.reporters.JUnitXMLReporter -->
<testsuite hostname="LAPTOP-F3I22UON" ignored="3" name="Personal Loan" tests="1" failures="0" timestamp="2020-08-11T00:38:16 PDT" time="0.005" errors="0">
  <testcase name="RestHomeLogin" time="0.003" classname="testNG.ClassTNG3"/>
  <testcase name="WebHomeLogin" time="0.0" classname="testNG.ClassTNG3">
    <ignored/>
  </testcase> <!-- WebHomeLogin -->
  <testcase name="WebbikeLogin" time="0.0" classname="testNG.ClassTNG3">
    <ignored/>
  </testcase> <!-- WebbikeLogin -->
  <testcase name="WebCarLogin" time="0.0" classname="testNG.ClassTNG3">
    <ignored/>
  </testcase> <!-- WebCarLogin -->
</testsuite> <!-- Personal Loan -->
