<?xml version="1.0" encoding="UTF-8"?>
<testng-results skipped="0" failed="0" ignored="0" total="2" passed="2">
  <reporter-output>
  </reporter-output>
  <suite name="Default suite" duration-ms="43" started-at="2020-09-01T09:20:05 PDT" finished-at="2020-09-01T09:20:05 PDT">
    <groups>
    </groups>
    <test name="Default test" duration-ms="43" started-at="2020-09-01T09:20:05 PDT" finished-at="2020-09-01T09:20:05 PDT">
      <class name="QA.Mavenjava.AppiumTest">
        <test-method status="PASS" signature="android()[pri:0, instance:QA.Mavenjava.AppiumTest@6043cd28]" name="android" duration-ms="8" started-at="2020-09-01T09:20:05 PDT" finished-at="2020-09-01T09:20:05 PDT">
          <reporter-output>
          </reporter-output>
        </test-method> <!-- android -->
        <test-method status="PASS" signature="ios()[pri:0, instance:QA.Mavenjava.AppiumTest@6043cd28]" name="ios" duration-ms="1" started-at="2020-09-01T09:20:05 PDT" finished-at="2020-09-01T09:20:05 PDT">
          <reporter-output>
          </reporter-output>
        </test-method> <!-- ios -->
      </class> <!-- QA.Mavenjava.AppiumTest -->
    </test> <!-- Default test -->
  </suite> <!-- Default suite -->
</testng-results>
